This file contains any messages produced by compilers while
running configure, to aid debugging if configure makes a mistake.

It was created by libmpsse configure 1.3, which was
generated by GNU Autoconf 2.71.  Invocation command line was

  $ configure --prefix=/usr --disable-python

## --------- ##
## Platform. ##
## --------- ##

hostname = AURORA
uname -m = x86_64
uname -r = 5.16.3-arch1-1
uname -s = Linux
uname -v = #1 SMP PREEMPT Thu, 27 Jan 2022 14:18:25 +0000

/usr/bin/uname -p = unknown
/bin/uname -X     = unknown

/bin/arch              = unknown
/usr/bin/arch -k       = unknown
/usr/convex/getsysinfo = unknown
/usr/bin/hostinfo      = unknown
/bin/machine           = unknown
/usr/bin/oslevel       = unknown
/bin/universe          = unknown

PATH: /home/shaman/python/
PATH: /home/shaman/bin/
PATH: /home/shaman/python/
PATH: /home/shaman/bin/
PATH: /usr/local/sbin/
PATH: /usr/local/bin/
PATH: /usr/bin/
PATH: /usr/lib/jvm/default/bin/
PATH: /usr/bin/site_perl/
PATH: /usr/bin/vendor_perl/
PATH: /usr/bin/core_perl/


## ----------- ##
## Core tests. ##
## ----------- ##

configure:2285: looking for aux files: config.guess config.sub
configure:2298:  trying ./
configure:2327:   ./config.guess found
configure:2327:   ./config.sub found
configure:2516: checking for gcc
configure:2537: found /usr/bin/gcc
configure:2548: result: gcc
configure:2901: checking for C compiler version
configure:2910: gcc --version >&5
gcc (GCC) 11.1.0
Copyright (C) 2021 Free Software Foundation, Inc.
This is free software; see the source for copying conditions.  There is NO
warranty; not even for MERCHANTABILITY or FITNESS FOR A PARTICULAR PURPOSE.

configure:2921: $? = 0
configure:2910: gcc -v >&5
Using built-in specs.
COLLECT_GCC=gcc
COLLECT_LTO_WRAPPER=/usr/lib/gcc/x86_64-pc-linux-gnu/11.1.0/lto-wrapper
Target: x86_64-pc-linux-gnu
Configured with: /build/gcc/src/gcc/configure --prefix=/usr --libdir=/usr/lib --libexecdir=/usr/lib --mandir=/usr/share/man --infodir=/usr/share/info --with-bugurl=https://bugs.archlinux.org/ --enable-languages=c,c++,ada,fortran,go,lto,objc,obj-c++,d --with-isl --with-linker-hash-style=gnu --with-system-zlib --enable-__cxa_atexit --enable-cet=auto --enable-checking=release --enable-clocale=gnu --enable-default-pie --enable-default-ssp --enable-gnu-indirect-function --enable-gnu-unique-object --enable-install-libiberty --enable-linker-build-id --enable-lto --enable-multilib --enable-plugin --enable-shared --enable-threads=posix --disable-libssp --disable-libstdcxx-pch --disable-libunwind-exceptions --disable-werror gdc_include_dir=/usr/include/dlang/gdc
Thread model: posix
Supported LTO compression algorithms: zlib zstd
gcc version 11.1.0 (GCC) 
configure:2921: $? = 0
configure:2910: gcc -V >&5
gcc: error: unrecognized command-line option '-V'
gcc: fatal error: no input files
compilation terminated.
configure:2921: $? = 1
configure:2910: gcc -qversion >&5
gcc: error: unrecognized command-line option '-qversion'; did you mean '--version'?
gcc: fatal error: no input files
compilation terminated.
configure:2921: $? = 1
configure:2910: gcc -version >&5
gcc: error: unrecognized command-line option '-version'
gcc: fatal error: no input files
compilation terminated.
configure:2921: $? = 1
configure:2941: checking whether the C compiler works
configure:2963: gcc -march=x86-64 -mtune=generic -O2 -pipe -fno-plt -fexceptions         -Wp,-D_FORTIFY_SOURCE=2 -Wformat -Werror=format-security         -fstack-clash-protection -fcf-protection  -Wl,-O1,--sort-common,--as-needed,-z,relro,-z,now conftest.c  >&5
configure:2967: $? = 0
configure:3017: result: yes
configure:3020: checking for C compiler default output file name
configure:3022: result: a.out
configure:3028: checking for suffix of executables
configure:3035: gcc -o conftest -march=x86-64 -mtune=generic -O2 -pipe -fno-plt -fexceptions         -Wp,-D_FORTIFY_SOURCE=2 -Wformat -Werror=format-security         -fstack-clash-protection -fcf-protection  -Wl,-O1,--sort-common,--as-needed,-z,relro,-z,now conftest.c  >&5
configure:3039: $? = 0
configure:3062: result: 
configure:3084: checking whether we are cross compiling
configure:3092: gcc -o conftest -march=x86-64 -mtune=generic -O2 -pipe -fno-plt -fexceptions         -Wp,-D_FORTIFY_SOURCE=2 -Wformat -Werror=format-security         -fstack-clash-protection -fcf-protection  -Wl,-O1,--sort-common,--as-needed,-z,relro,-z,now conftest.c  >&5
configure:3096: $? = 0
configure:3103: ./conftest
configure:3107: $? = 0
configure:3122: result: no
configure:3127: checking for suffix of object files
configure:3150: gcc -c -march=x86-64 -mtune=generic -O2 -pipe -fno-plt -fexceptions         -Wp,-D_FORTIFY_SOURCE=2 -Wformat -Werror=format-security         -fstack-clash-protection -fcf-protection  conftest.c >&5
configure:3154: $? = 0
configure:3176: result: o
configure:3180: checking whether the compiler supports GNU C
configure:3200: gcc -c -march=x86-64 -mtune=generic -O2 -pipe -fno-plt -fexceptions         -Wp,-D_FORTIFY_SOURCE=2 -Wformat -Werror=format-security         -fstack-clash-protection -fcf-protection  conftest.c >&5
configure:3200: $? = 0
configure:3210: result: yes
configure:3221: checking whether gcc accepts -g
configure:3242: gcc -c -g  conftest.c >&5
configure:3242: $? = 0
configure:3286: result: yes
configure:3306: checking for gcc option to enable C11 features
configure:3321: gcc  -c -march=x86-64 -mtune=generic -O2 -pipe -fno-plt -fexceptions         -Wp,-D_FORTIFY_SOURCE=2 -Wformat -Werror=format-security         -fstack-clash-protection -fcf-protection  conftest.c >&5
configure:3321: $? = 0
configure:3339: result: none needed
configure:3461: checking for stdio.h
configure:3461: gcc -c -march=x86-64 -mtune=generic -O2 -pipe -fno-plt -fexceptions         -Wp,-D_FORTIFY_SOURCE=2 -Wformat -Werror=format-security         -fstack-clash-protection -fcf-protection  conftest.c >&5
configure:3461: $? = 0
configure:3461: result: yes
configure:3461: checking for stdlib.h
configure:3461: gcc -c -march=x86-64 -mtune=generic -O2 -pipe -fno-plt -fexceptions         -Wp,-D_FORTIFY_SOURCE=2 -Wformat -Werror=format-security         -fstack-clash-protection -fcf-protection  conftest.c >&5
configure:3461: $? = 0
configure:3461: result: yes
configure:3461: checking for string.h
configure:3461: gcc -c -march=x86-64 -mtune=generic -O2 -pipe -fno-plt -fexceptions         -Wp,-D_FORTIFY_SOURCE=2 -Wformat -Werror=format-security         -fstack-clash-protection -fcf-protection  conftest.c >&5
configure:3461: $? = 0
configure:3461: result: yes
configure:3461: checking for inttypes.h
configure:3461: gcc -c -march=x86-64 -mtune=generic -O2 -pipe -fno-plt -fexceptions         -Wp,-D_FORTIFY_SOURCE=2 -Wformat -Werror=format-security         -fstack-clash-protection -fcf-protection  conftest.c >&5
configure:3461: $? = 0
configure:3461: result: yes
configure:3461: checking for stdint.h
configure:3461: gcc -c -march=x86-64 -mtune=generic -O2 -pipe -fno-plt -fexceptions         -Wp,-D_FORTIFY_SOURCE=2 -Wformat -Werror=format-security         -fstack-clash-protection -fcf-protection  conftest.c >&5
configure:3461: $? = 0
configure:3461: result: yes
configure:3461: checking for strings.h
configure:3461: gcc -c -march=x86-64 -mtune=generic -O2 -pipe -fno-plt -fexceptions         -Wp,-D_FORTIFY_SOURCE=2 -Wformat -Werror=format-security         -fstack-clash-protection -fcf-protection  conftest.c >&5
configure:3461: $? = 0
configure:3461: result: yes
configure:3461: checking for sys/stat.h
configure:3461: gcc -c -march=x86-64 -mtune=generic -O2 -pipe -fno-plt -fexceptions         -Wp,-D_FORTIFY_SOURCE=2 -Wformat -Werror=format-security         -fstack-clash-protection -fcf-protection  conftest.c >&5
configure:3461: $? = 0
configure:3461: result: yes
configure:3461: checking for sys/types.h
configure:3461: gcc -c -march=x86-64 -mtune=generic -O2 -pipe -fno-plt -fexceptions         -Wp,-D_FORTIFY_SOURCE=2 -Wformat -Werror=format-security         -fstack-clash-protection -fcf-protection  conftest.c >&5
configure:3461: $? = 0
configure:3461: result: yes
configure:3461: checking for unistd.h
configure:3461: gcc -c -march=x86-64 -mtune=generic -O2 -pipe -fno-plt -fexceptions         -Wp,-D_FORTIFY_SOURCE=2 -Wformat -Werror=format-security         -fstack-clash-protection -fcf-protection  conftest.c >&5
configure:3461: $? = 0
configure:3461: result: yes
configure:3486: checking for size_t
configure:3486: gcc -c -march=x86-64 -mtune=generic -O2 -pipe -fno-plt -fexceptions         -Wp,-D_FORTIFY_SOURCE=2 -Wformat -Werror=format-security         -fstack-clash-protection -fcf-protection  conftest.c >&5
configure:3486: $? = 0
configure:3486: gcc -c -march=x86-64 -mtune=generic -O2 -pipe -fno-plt -fexceptions         -Wp,-D_FORTIFY_SOURCE=2 -Wformat -Werror=format-security         -fstack-clash-protection -fcf-protection  conftest.c >&5
conftest.c: In function 'main':
conftest.c:50:21: error: expected expression before ')' token
   50 | if (sizeof ((size_t)))
      |                     ^
configure:3486: $? = 1
configure: failed program was:
| /* confdefs.h */
| #define PACKAGE_NAME "libmpsse"
| #define PACKAGE_TARNAME "libmpsse"
| #define PACKAGE_VERSION "1.3"
| #define PACKAGE_STRING "libmpsse 1.3"
| #define PACKAGE_BUGREPORT "http://libmpsse.googlecode.com"
| #define PACKAGE_URL ""
| #define HAVE_STDIO_H 1
| #define HAVE_STDLIB_H 1
| #define HAVE_STRING_H 1
| #define HAVE_INTTYPES_H 1
| #define HAVE_STDINT_H 1
| #define HAVE_STRINGS_H 1
| #define HAVE_SYS_STAT_H 1
| #define HAVE_SYS_TYPES_H 1
| #define HAVE_UNISTD_H 1
| #define STDC_HEADERS 1
| /* end confdefs.h.  */
| #include <stddef.h>
| #ifdef HAVE_STDIO_H
| # include <stdio.h>
| #endif
| #ifdef HAVE_STDLIB_H
| # include <stdlib.h>
| #endif
| #ifdef HAVE_STRING_H
| # include <string.h>
| #endif
| #ifdef HAVE_INTTYPES_H
| # include <inttypes.h>
| #endif
| #ifdef HAVE_STDINT_H
| # include <stdint.h>
| #endif
| #ifdef HAVE_STRINGS_H
| # include <strings.h>
| #endif
| #ifdef HAVE_SYS_TYPES_H
| # include <sys/types.h>
| #endif
| #ifdef HAVE_SYS_STAT_H
| # include <sys/stat.h>
| #endif
| #ifdef HAVE_UNISTD_H
| # include <unistd.h>
| #endif
| int
| main (void)
| {
| if (sizeof ((size_t)))
| 	    return 0;
|   ;
|   return 0;
| }
configure:3486: result: yes
configure:3503: checking build system type
configure:3518: result: x86_64-pc-linux-gnu
configure:3538: checking host system type
configure:3552: result: x86_64-pc-linux-gnu
configure:3572: checking for GNU libc compatible malloc
configure:3604: gcc -o conftest -march=x86-64 -mtune=generic -O2 -pipe -fno-plt -fexceptions         -Wp,-D_FORTIFY_SOURCE=2 -Wformat -Werror=format-security         -fstack-clash-protection -fcf-protection  -Wl,-O1,--sort-common,--as-needed,-z,relro,-z,now conftest.c  >&5
configure:3604: $? = 0
configure:3604: ./conftest
configure:3604: $? = 0
configure:3615: result: yes
configure:3642: checking for libftdi1/ftdi.h
configure:3642: gcc -c -Wall -fPIC -fno-strict-aliasing -march=x86-64 -mtune=generic -O2 -pipe -fno-plt -fexceptions         -Wp,-D_FORTIFY_SOURCE=2 -Wformat -Werror=format-security         -fstack-clash-protection -fcf-protection  conftest.c >&5
configure:3642: $? = 0
configure:3642: result: yes
configure:3714: checking for ftdi_init in -lftdi1
configure:3737: gcc -o conftest -Wall -fPIC -fno-strict-aliasing -march=x86-64 -mtune=generic -O2 -pipe -fno-plt -fexceptions         -Wp,-D_FORTIFY_SOURCE=2 -Wformat -Werror=format-security         -fstack-clash-protection -fcf-protection  -Wl,-O1,--sort-common,--as-needed,-z,relro,-z,now conftest.c -lftdi1   >&5
configure:3737: $? = 0
configure:3747: result: yes
configure:4005: creating ./config.status

## ---------------------- ##
## Running config.status. ##
## ---------------------- ##

This file was extended by libmpsse config.status 1.3, which was
generated by GNU Autoconf 2.71.  Invocation command line was

  CONFIG_FILES    = 
  CONFIG_HEADERS  = 
  CONFIG_LINKS    = 
  CONFIG_COMMANDS = 
  $ ./config.status 

on AURORA

config.status:730: creating Makefile

## ---------------- ##
## Cache variables. ##
## ---------------- ##

ac_cv_build=x86_64-pc-linux-gnu
ac_cv_c_compiler_gnu=yes
ac_cv_env_CC_set=
ac_cv_env_CC_value=
ac_cv_env_CFLAGS_set=set
ac_cv_env_CFLAGS_value='-march=x86-64 -mtune=generic -O2 -pipe -fno-plt -fexceptions         -Wp,-D_FORTIFY_SOURCE=2 -Wformat -Werror=format-security         -fstack-clash-protection -fcf-protection'
ac_cv_env_CPPFLAGS_set=
ac_cv_env_CPPFLAGS_value=
ac_cv_env_LDFLAGS_set=set
ac_cv_env_LDFLAGS_value=-Wl,-O1,--sort-common,--as-needed,-z,relro,-z,now
ac_cv_env_LIBS_set=
ac_cv_env_LIBS_value=
ac_cv_env_build_alias_set=
ac_cv_env_build_alias_value=
ac_cv_env_host_alias_set=
ac_cv_env_host_alias_value=
ac_cv_env_target_alias_set=
ac_cv_env_target_alias_value=
ac_cv_func_malloc_0_nonnull=yes
ac_cv_header_inttypes_h=yes
ac_cv_header_libftdi1_ftdi_h=yes
ac_cv_header_stdint_h=yes
ac_cv_header_stdio_h=yes
ac_cv_header_stdlib_h=yes
ac_cv_header_string_h=yes
ac_cv_header_strings_h=yes
ac_cv_header_sys_stat_h=yes
ac_cv_header_sys_types_h=yes
ac_cv_header_unistd_h=yes
ac_cv_host=x86_64-pc-linux-gnu
ac_cv_lib_ftdi1_ftdi_init=yes
ac_cv_objext=o
ac_cv_prog_ac_ct_CC=gcc
ac_cv_prog_cc_c11=
ac_cv_prog_cc_g=yes
ac_cv_prog_cc_stdc=
ac_cv_type_size_t=yes

## ----------------- ##
## Output variables. ##
## ----------------- ##

BUILD=''
CC='gcc'
CFLAGS='-Wall -fPIC -fno-strict-aliasing -march=x86-64 -mtune=generic -O2 -pipe -fno-plt -fexceptions         -Wp,-D_FORTIFY_SOURCE=2 -Wformat -Werror=format-security         -fstack-clash-protection -fcf-protection'
CPPFLAGS=''
DEFS='-DPACKAGE_NAME=\"libmpsse\" -DPACKAGE_TARNAME=\"libmpsse\" -DPACKAGE_VERSION=\"1.3\" -DPACKAGE_STRING=\"libmpsse\ 1.3\" -DPACKAGE_BUGREPORT=\"http://libmpsse.googlecode.com\" -DPACKAGE_URL=\"\" -DHAVE_STDIO_H=1 -DHAVE_STDLIB_H=1 -DHAVE_STRING_H=1 -DHAVE_INTTYPES_H=1 -DHAVE_STDINT_H=1 -DHAVE_STRINGS_H=1 -DHAVE_SYS_STAT_H=1 -DHAVE_SYS_TYPES_H=1 -DHAVE_UNISTD_H=1 -DSTDC_HEADERS=1 -DHAVE_MALLOC=1 -DHAVE_LIBFTDI1_FTDI_H=1 -DHAVE_LIBFTDI1=1'
ECHO_C=''
ECHO_N='-n'
ECHO_T=''
EXEEXT=''
FRAMEWORK=''
LDFLAGS='-lftdi1 -Wl,-O1,--sort-common,--as-needed,-z,relro,-z,now'
LIBFTDI1='1'
LIBOBJS=''
LIBS='-lftdi1 '
LTLIBOBJS=''
OBJEXT='o'
PACKAGE_BUGREPORT='http://libmpsse.googlecode.com'
PACKAGE_NAME='libmpsse'
PACKAGE_STRING='libmpsse 1.3'
PACKAGE_TARNAME='libmpsse'
PACKAGE_URL=''
PACKAGE_VERSION='1.3'
PATH_SEPARATOR=':'
PYDEV=''
PYLIB=''
SHELL='/bin/sh'
SONAME='-soname'
SWIG=''
ac_ct_CC='gcc'
bindir='${exec_prefix}/bin'
build='x86_64-pc-linux-gnu'
build_alias=''
build_cpu='x86_64'
build_os='linux-gnu'
build_vendor='pc'
datadir='${datarootdir}'
datarootdir='${prefix}/share'
docdir='${datarootdir}/doc/${PACKAGE_TARNAME}'
dvidir='${docdir}'
exec_prefix='${prefix}'
host='x86_64-pc-linux-gnu'
host_alias=''
host_cpu='x86_64'
host_os='linux-gnu'
host_vendor='pc'
htmldir='${docdir}'
includedir='${prefix}/include'
infodir='${datarootdir}/info'
libdir='${exec_prefix}/lib'
libexecdir='${exec_prefix}/libexec'
localedir='${datarootdir}/locale'
localstatedir='${prefix}/var'
mandir='${datarootdir}/man'
oldincludedir='/usr/include'
pdfdir='${docdir}'
prefix='/usr'
program_transform_name='s,x,x,'
psdir='${docdir}'
runstatedir='${localstatedir}/run'
sbindir='${exec_prefix}/sbin'
sharedstatedir='${prefix}/com'
sysconfdir='${prefix}/etc'
target_alias=''

## ----------- ##
## confdefs.h. ##
## ----------- ##

/* confdefs.h */
#define PACKAGE_NAME "libmpsse"
#define PACKAGE_TARNAME "libmpsse"
#define PACKAGE_VERSION "1.3"
#define PACKAGE_STRING "libmpsse 1.3"
#define PACKAGE_BUGREPORT "http://libmpsse.googlecode.com"
#define PACKAGE_URL ""
#define HAVE_STDIO_H 1
#define HAVE_STDLIB_H 1
#define HAVE_STRING_H 1
#define HAVE_INTTYPES_H 1
#define HAVE_STDINT_H 1
#define HAVE_STRINGS_H 1
#define HAVE_SYS_STAT_H 1
#define HAVE_SYS_TYPES_H 1
#define HAVE_UNISTD_H 1
#define STDC_HEADERS 1
#define HAVE_MALLOC 1
#define HAVE_LIBFTDI1_FTDI_H 1
#define HAVE_LIBFTDI1 1

configure: exit 0
